[0.123s] Invoking command in '/home/wakimkings/ros2_ws/build/examples_rclcpp_async_client': DEBUGINFOD_URLS=https://debuginfod.ubuntu.com /usr/bin/cmake /home/wakimkings/ros2_ws/src/examples/rclcpp/services/async_client -DAMENT_CMAKE_SYMLINK_INSTALL=1 -DCMAKE_INSTALL_PREFIX=/home/wakimkings/ros2_ws/install/examples_rclcpp_async_client
[0.200s] [31mCMake Error at CMakeLists.txt:14 (find_package):
[0.200s]   By not providing "Findament_cmake.cmake" in CMAKE_MODULE_PATH this project
[0.200s]   has asked CMake to find a package configuration file provided by
[0.201s]   "ament_cmake", but CMake did not find one.
[0.201s] 
[0.202s]   Could not find a package configuration file provided by "ament_cmake" with
[0.202s]   any of the following names:
[0.202s] 
[0.203s]     ament_cmakeConfig.cmake
[0.203s]     ament_cmake-config.cmake
[0.203s] 
[0.203s]   Add the installation prefix of "ament_cmake" to CMAKE_PREFIX_PATH or set
[0.204s]   "ament_cmake_DIR" to a directory containing one of the above files.  If
[0.206s]   "ament_cmake" provides a separate development package or SDK, be sure it
[0.206s]   has been installed.
[0.210s] 
[0.210s] [0m
[0.213s] -- Configuring incomplete, errors occurred!
[0.388s] Invoked command in '/home/wakimkings/ros2_ws/build/examples_rclcpp_async_client' returned '1': DEBUGINFOD_URLS=https://debuginfod.ubuntu.com /usr/bin/cmake /home/wakimkings/ros2_ws/src/examples/rclcpp/services/async_client -DAMENT_CMAKE_SYMLINK_INSTALL=1 -DCMAKE_INSTALL_PREFIX=/home/wakimkings/ros2_ws/install/examples_rclcpp_async_client
