[0.237s] Invoking command in '/home/wakimkings/ros2_ws/build/examples_rclcpp_minimal_action_server': DEBUGINFOD_URLS=https://debuginfod.ubuntu.com /usr/bin/cmake /home/wakimkings/ros2_ws/src/examples/rclcpp/actions/minimal_action_server -DCMAKE_INSTALL_PREFIX=/home/wakimkings/ros2_ws/install/examples_rclcpp_minimal_action_server
[2.549s] -- The C compiler identification is GNU 13.2.0
[6.547s] -- The CXX compiler identification is GNU 13.2.0
[7.015s] -- Detecting C compiler ABI info
[8.377s] -- Detecting C compiler ABI info - done
[8.491s] -- Check for working C compiler: /usr/bin/cc - skipped
[8.512s] -- Detecting C compile features
[8.512s] -- Detecting C compile features - done
[8.760s] -- Detecting CXX compiler ABI info
[10.114s] -- Detecting CXX compiler ABI info - done
[10.232s] -- Check for working CXX compiler: /usr/bin/c++ - skipped
[10.238s] -- Detecting CXX compile features
[10.238s] -- Detecting CXX compile features - done
[10.356s] [31mCMake Error at CMakeLists.txt:14 (find_package):
[10.357s]   By not providing "Findament_cmake.cmake" in CMAKE_MODULE_PATH this project
[10.357s]   has asked CMake to find a package configuration file provided by
[10.357s]   "ament_cmake", but CMake did not find one.
[10.357s] 
[10.357s]   Could not find a package configuration file provided by "ament_cmake" with
[10.357s]   any of the following names:
[10.358s] 
[10.358s]     ament_cmakeConfig.cmake
[10.358s]     ament_cmake-config.cmake
[10.358s] 
[10.358s]   Add the installation prefix of "ament_cmake" to CMAKE_PREFIX_PATH or set
[10.358s]   "ament_cmake_DIR" to a directory containing one of the above files.  If
[10.359s]   "ament_cmake" provides a separate development package or SDK, be sure it
[10.359s]   has been installed.
[10.359s] 
[10.359s] [0m
[10.359s] -- Configuring incomplete, errors occurred!
[10.428s] Invoked command in '/home/wakimkings/ros2_ws/build/examples_rclcpp_minimal_action_server' returned '1': DEBUGINFOD_URLS=https://debuginfod.ubuntu.com /usr/bin/cmake /home/wakimkings/ros2_ws/src/examples/rclcpp/actions/minimal_action_server -DCMAKE_INSTALL_PREFIX=/home/wakimkings/ros2_ws/install/examples_rclcpp_minimal_action_server
