[0.145s] Invoking command in '/home/wakimkings/ros2_ws/build/examples_rclcpp_cbg_executor': DEBUGINFOD_URLS=https://debuginfod.ubuntu.com /usr/bin/cmake /home/wakimkings/ros2_ws/src/examples/rclcpp/executors/cbg_executor -DCMAKE_INSTALL_PREFIX=/home/wakimkings/ros2_ws/install/examples_rclcpp_cbg_executor
[2.607s] -- The C compiler identification is GNU 13.2.0
[6.710s] -- The CXX compiler identification is GNU 13.2.0
[7.057s] -- Detecting C compiler ABI info
[8.675s] -- Detecting C compiler ABI info - done
[8.788s] -- Check for working C compiler: /usr/bin/cc - skipped
[8.793s] -- Detecting C compile features
[8.799s] -- Detecting C compile features - done
[8.948s] -- Detecting CXX compiler ABI info
[10.118s] -- Detecting CXX compiler ABI info - done
[10.207s] -- Check for working CXX compiler: /usr/bin/c++ - skipped
[10.228s] -- Detecting CXX compile features
[10.264s] -- Detecting CXX compile features - done
[10.373s] [31mCMake Error at CMakeLists.txt:14 (find_package):
[10.373s]   By not providing "Findament_cmake.cmake" in CMAKE_MODULE_PATH this project
[10.373s]   has asked CMake to find a package configuration file provided by
[10.373s]   "ament_cmake", but CMake did not find one.
[10.397s] 
[10.399s]   Could not find a package configuration file provided by "ament_cmake" with
[10.399s]   any of the following names:
[10.399s] 
[10.400s]     ament_cmakeConfig.cmake
[10.400s]     ament_cmake-config.cmake
[10.400s] 
[10.401s]   Add the installation prefix of "ament_cmake" to CMAKE_PREFIX_PATH or set
[10.401s]   "ament_cmake_DIR" to a directory containing one of the above files.  If
[10.401s] -- Configuring incomplete, errors occurred!
[10.402s]   "ament_cmake" provides a separate development package or SDK, be sure it
[10.402s]   has been installed.
[10.403s] 
[10.404s] [0m
[10.520s] Invoked command in '/home/wakimkings/ros2_ws/build/examples_rclcpp_cbg_executor' returned '1': DEBUGINFOD_URLS=https://debuginfod.ubuntu.com /usr/bin/cmake /home/wakimkings/ros2_ws/src/examples/rclcpp/executors/cbg_executor -DCMAKE_INSTALL_PREFIX=/home/wakimkings/ros2_ws/install/examples_rclcpp_cbg_executor
