[17.492s] Invoking command in '/home/wakimkings/ros2_ws/src/my_py_pkg': DEBUGINFOD_URLS=https://debuginfod.ubuntu.com PYTHONPATH=/home/wakimkings/ros2_ws/build/my_py_pkg/prefix_override:/usr/lib/python3/dist-packages/colcon_core/task/python/colcon_distutils_commands:/home/wakimkings/ros2_ws/install/my_py_pkg/lib/python3.12/site-packages:${PYTHONPATH} /usr/bin/python3 -W ignore:setup.py install is deprecated setup.py egg_info --egg-base ../../build/my_py_pkg build --build-base /home/wakimkings/ros2_ws/build/my_py_pkg/build install --record /home/wakimkings/ros2_ws/build/my_py_pkg/install.log --single-version-externally-managed install_data
[21.281s] running egg_info
[21.293s] creating ../../build/my_py_pkg/my_py_pkg.egg-info
[21.651s] writing ../../build/my_py_pkg/my_py_pkg.egg-info/PKG-INFO
[21.654s] writing dependency_links to ../../build/my_py_pkg/my_py_pkg.egg-info/dependency_links.txt
[21.656s] writing requirements to ../../build/my_py_pkg/my_py_pkg.egg-info/requires.txt
[21.661s] writing top-level names to ../../build/my_py_pkg/my_py_pkg.egg-info/top_level.txt
[21.664s] writing manifest file '../../build/my_py_pkg/my_py_pkg.egg-info/SOURCES.txt'
[22.221s] reading manifest file '../../build/my_py_pkg/my_py_pkg.egg-info/SOURCES.txt'
[22.222s] adding license file 'LICENSE'
[22.236s] writing manifest file '../../build/my_py_pkg/my_py_pkg.egg-info/SOURCES.txt'
[22.242s] running build
[22.242s] running build_py
[22.243s] creating /home/wakimkings/ros2_ws/build/my_py_pkg/build
[22.243s] creating /home/wakimkings/ros2_ws/build/my_py_pkg/build/lib
[22.250s] creating /home/wakimkings/ros2_ws/build/my_py_pkg/build/lib/my_py_pkg
[22.251s] copying my_py_pkg/__init__.py -> /home/wakimkings/ros2_ws/build/my_py_pkg/build/lib/my_py_pkg
[22.257s] running install
[22.282s] running install_lib
[22.628s] creating /home/wakimkings/ros2_ws/install/my_py_pkg/lib/python3.12/site-packages/my_py_pkg
[22.630s] copying /home/wakimkings/ros2_ws/build/my_py_pkg/build/lib/my_py_pkg/__init__.py -> /home/wakimkings/ros2_ws/install/my_py_pkg/lib/python3.12/site-packages/my_py_pkg
[22.631s] byte-compiling /home/wakimkings/ros2_ws/install/my_py_pkg/lib/python3.12/site-packages/my_py_pkg/__init__.py to __init__.cpython-312.pyc
[22.637s] running install_data
[22.638s] creating /home/wakimkings/ros2_ws/install/my_py_pkg/share/ament_index
[22.639s] creating /home/wakimkings/ros2_ws/install/my_py_pkg/share/ament_index/resource_index
[22.639s] creating /home/wakimkings/ros2_ws/install/my_py_pkg/share/ament_index/resource_index/packages
[22.639s] copying resource/my_py_pkg -> /home/wakimkings/ros2_ws/install/my_py_pkg/share/ament_index/resource_index/packages
[22.639s] copying package.xml -> /home/wakimkings/ros2_ws/install/my_py_pkg/share/my_py_pkg
[22.639s] running install_egg_info
[22.875s] Copying ../../build/my_py_pkg/my_py_pkg.egg-info to /home/wakimkings/ros2_ws/install/my_py_pkg/lib/python3.12/site-packages/my_py_pkg-0.0.0-py3.12.egg-info
[22.901s] running install_scripts
[24.300s] writing list of installed files to '/home/wakimkings/ros2_ws/build/my_py_pkg/install.log'
[24.584s] Invoked command in '/home/wakimkings/ros2_ws/src/my_py_pkg' returned '0': DEBUGINFOD_URLS=https://debuginfod.ubuntu.com PYTHONPATH=/home/wakimkings/ros2_ws/build/my_py_pkg/prefix_override:/usr/lib/python3/dist-packages/colcon_core/task/python/colcon_distutils_commands:/home/wakimkings/ros2_ws/install/my_py_pkg/lib/python3.12/site-packages:${PYTHONPATH} /usr/bin/python3 -W ignore:setup.py install is deprecated setup.py egg_info --egg-base ../../build/my_py_pkg build --build-base /home/wakimkings/ros2_ws/build/my_py_pkg/build install --record /home/wakimkings/ros2_ws/build/my_py_pkg/install.log --single-version-externally-managed install_data
