[0.128s] Invoking command in '/home/wakimkings/ros2_ws/build/examples_rclcpp_minimal_action_client': DEBUGINFOD_URLS=https://debuginfod.ubuntu.com /usr/bin/cmake /home/wakimkings/ros2_ws/src/examples/rclcpp/actions/minimal_action_client -DAMENT_CMAKE_SYMLINK_INSTALL=1 -DCMAKE_INSTALL_PREFIX=/home/wakimkings/ros2_ws/install/examples_rclcpp_minimal_action_client
[0.287s] [31mCMake Error at CMakeLists.txt:14 (find_package):
[0.288s]   By not providing "Findament_cmake.cmake" in CMAKE_MODULE_PATH this project
[0.288s]   has asked CMake to find a package configuration file provided by
[0.289s]   "ament_cmake", but CMake did not find one.
[0.292s] 
[0.294s] -- Configuring incomplete, errors occurred!
[0.296s]   Could not find a package configuration file provided by "ament_cmake" with
[0.298s]   any of the following names:
[0.337s] 
[0.341s]     ament_cmakeConfig.cmake
[0.342s]     ament_cmake-config.cmake
[0.343s] 
[0.344s]   Add the installation prefix of "ament_cmake" to CMAKE_PREFIX_PATH or set
[0.344s]   "ament_cmake_DIR" to a directory containing one of the above files.  If
[0.344s]   "ament_cmake" provides a separate development package or SDK, be sure it
[0.344s]   has been installed.
[0.344s] 
[0.344s] [0m
[0.370s] Invoked command in '/home/wakimkings/ros2_ws/build/examples_rclcpp_minimal_action_client' returned '1': DEBUGINFOD_URLS=https://debuginfod.ubuntu.com /usr/bin/cmake /home/wakimkings/ros2_ws/src/examples/rclcpp/actions/minimal_action_client -DAMENT_CMAKE_SYMLINK_INSTALL=1 -DCMAKE_INSTALL_PREFIX=/home/wakimkings/ros2_ws/install/examples_rclcpp_minimal_action_client
