[0.959s] DEBUG:colcon:Command line arguments: ['/usr/bin/colcon', 'build']
[0.959s] DEBUG:colcon:Parsed command line arguments: Namespace(log_base=None, log_level=None, verb_name='build', build_base='build', install_base='install', merge_install=False, symlink_install=False, test_result_base=None, continue_on_error=False, executor='parallel', parallel_workers=4, event_handlers=None, ignore_user_meta=False, metas=['./colcon.meta'], base_paths=['.'], packages_ignore=None, packages_ignore_regex=None, paths=None, packages_up_to=None, packages_up_to_regex=None, packages_above=None, packages_above_and_dependencies=None, packages_above_depth=None, packages_select_by_dep=None, packages_skip_by_dep=None, packages_skip_up_to=None, packages_select_build_failed=False, packages_skip_build_finished=False, packages_select_test_failures=False, packages_skip_test_passed=False, packages_select=None, packages_skip=None, packages_select_regex=None, packages_skip_regex=None, packages_start=None, packages_end=None, allow_overriding=[], cmake_args=None, cmake_target=None, cmake_target_skip_unavailable=False, cmake_clean_cache=False, cmake_clean_first=False, cmake_force_configure=False, ament_cmake_args=None, catkin_cmake_args=None, catkin_skip_building_tests=False, mixin_files=None, mixin=None, verb_parser=<colcon_mixin.mixin.mixin_argument.MixinArgumentDecorator object at 0x76d6945765d0>, verb_extension=<colcon_core.verb.build.BuildVerb object at 0x76d6946f69f0>, main=<bound method BuildVerb.main of <colcon_core.verb.build.BuildVerb object at 0x76d6946f69f0>>, mixin_verb=('build',))
[1.423s] Level 1:colcon.colcon_core.package_discovery:discover_packages(colcon_meta) check parameters
[1.424s] Level 1:colcon.colcon_core.package_discovery:discover_packages(recursive) check parameters
[1.424s] Level 1:colcon.colcon_core.package_discovery:discover_packages(ignore) check parameters
[1.424s] Level 1:colcon.colcon_core.package_discovery:discover_packages(path) check parameters
[1.424s] Level 1:colcon.colcon_core.package_discovery:discover_packages(colcon_meta) discover
[1.424s] Level 1:colcon.colcon_core.package_discovery:discover_packages(recursive) discover
[1.424s] INFO:colcon.colcon_core.package_discovery:Crawling recursively for packages in '/home/wakimkings/ros2_ws'
[1.425s] Level 1:colcon.colcon_core.package_identification:_identify(.) by extensions ['ignore', 'ignore_ament_install']
[1.425s] Level 1:colcon.colcon_core.package_identification:_identify(.) by extension 'ignore'
[1.425s] Level 1:colcon.colcon_core.package_identification:_identify(.) by extension 'ignore_ament_install'
[1.425s] Level 1:colcon.colcon_core.package_identification:_identify(.) by extensions ['colcon_pkg']
[1.425s] Level 1:colcon.colcon_core.package_identification:_identify(.) by extension 'colcon_pkg'
[1.425s] Level 1:colcon.colcon_core.package_identification:_identify(.) by extensions ['colcon_meta']
[1.425s] Level 1:colcon.colcon_core.package_identification:_identify(.) by extension 'colcon_meta'
[1.426s] Level 1:colcon.colcon_core.package_identification:_identify(.) by extensions ['ros']
[1.426s] Level 1:colcon.colcon_core.package_identification:_identify(.) by extension 'ros'
[1.557s] Level 1:colcon.colcon_core.package_identification:_identify(.) by extensions ['cmake', 'python']
[1.557s] Level 1:colcon.colcon_core.package_identification:_identify(.) by extension 'cmake'
[1.557s] Level 1:colcon.colcon_core.package_identification:_identify(.) by extension 'python'
[1.557s] Level 1:colcon.colcon_core.package_identification:_identify(.) by extensions ['python_setup_py']
[1.557s] Level 1:colcon.colcon_core.package_identification:_identify(.) by extension 'python_setup_py'
[1.558s] Level 1:colcon.colcon_core.package_identification:_identify(build) by extensions ['ignore', 'ignore_ament_install']
[1.558s] Level 1:colcon.colcon_core.package_identification:_identify(build) by extension 'ignore'
[1.558s] Level 1:colcon.colcon_core.package_identification:_identify(build) ignored
[1.558s] Level 1:colcon.colcon_core.package_identification:_identify(install) by extensions ['ignore', 'ignore_ament_install']
[1.559s] Level 1:colcon.colcon_core.package_identification:_identify(install) by extension 'ignore'
[1.559s] Level 1:colcon.colcon_core.package_identification:_identify(install) ignored
[1.559s] Level 1:colcon.colcon_core.package_identification:_identify(log) by extensions ['ignore', 'ignore_ament_install']
[1.559s] Level 1:colcon.colcon_core.package_identification:_identify(log) by extension 'ignore'
[1.559s] Level 1:colcon.colcon_core.package_identification:_identify(log) ignored
[1.559s] Level 1:colcon.colcon_core.package_identification:_identify(src) by extensions ['ignore', 'ignore_ament_install']
[1.559s] Level 1:colcon.colcon_core.package_identification:_identify(src) by extension 'ignore'
[1.559s] Level 1:colcon.colcon_core.package_identification:_identify(src) by extension 'ignore_ament_install'
[1.559s] Level 1:colcon.colcon_core.package_identification:_identify(src) by extensions ['colcon_pkg']
[1.560s] Level 1:colcon.colcon_core.package_identification:_identify(src) by extension 'colcon_pkg'
[1.560s] Level 1:colcon.colcon_core.package_identification:_identify(src) by extensions ['colcon_meta']
[1.560s] Level 1:colcon.colcon_core.package_identification:_identify(src) by extension 'colcon_meta'
[1.560s] Level 1:colcon.colcon_core.package_identification:_identify(src) by extensions ['ros']
[1.560s] Level 1:colcon.colcon_core.package_identification:_identify(src) by extension 'ros'
[1.560s] Level 1:colcon.colcon_core.package_identification:_identify(src) by extensions ['cmake', 'python']
[1.560s] Level 1:colcon.colcon_core.package_identification:_identify(src) by extension 'cmake'
[1.560s] Level 1:colcon.colcon_core.package_identification:_identify(src) by extension 'python'
[1.560s] Level 1:colcon.colcon_core.package_identification:_identify(src) by extensions ['python_setup_py']
[1.560s] Level 1:colcon.colcon_core.package_identification:_identify(src) by extension 'python_setup_py'
[1.560s] Level 1:colcon.colcon_core.package_identification:_identify(src/cpp_pkg) by extensions ['ignore', 'ignore_ament_install']
[1.560s] Level 1:colcon.colcon_core.package_identification:_identify(src/cpp_pkg) by extension 'ignore'
[1.560s] Level 1:colcon.colcon_core.package_identification:_identify(src/cpp_pkg) by extension 'ignore_ament_install'
[1.561s] Level 1:colcon.colcon_core.package_identification:_identify(src/cpp_pkg) by extensions ['colcon_pkg']
[1.561s] Level 1:colcon.colcon_core.package_identification:_identify(src/cpp_pkg) by extension 'colcon_pkg'
[1.561s] Level 1:colcon.colcon_core.package_identification:_identify(src/cpp_pkg) by extensions ['colcon_meta']
[1.561s] Level 1:colcon.colcon_core.package_identification:_identify(src/cpp_pkg) by extension 'colcon_meta'
[1.561s] Level 1:colcon.colcon_core.package_identification:_identify(src/cpp_pkg) by extensions ['ros']
[1.561s] Level 1:colcon.colcon_core.package_identification:_identify(src/cpp_pkg) by extension 'ros'
[1.579s] DEBUG:colcon.colcon_core.package_identification:Package 'src/cpp_pkg' with type 'ros.ament_cmake' and name 'cpp_pkg'
[1.580s] Level 1:colcon.colcon_core.package_identification:_identify(src/my_py_pkg) by extensions ['ignore', 'ignore_ament_install']
[1.580s] Level 1:colcon.colcon_core.package_identification:_identify(src/my_py_pkg) by extension 'ignore'
[1.580s] Level 1:colcon.colcon_core.package_identification:_identify(src/my_py_pkg) by extension 'ignore_ament_install'
[1.581s] Level 1:colcon.colcon_core.package_identification:_identify(src/my_py_pkg) by extensions ['colcon_pkg']
[1.581s] Level 1:colcon.colcon_core.package_identification:_identify(src/my_py_pkg) by extension 'colcon_pkg'
[1.581s] Level 1:colcon.colcon_core.package_identification:_identify(src/my_py_pkg) by extensions ['colcon_meta']
[1.581s] Level 1:colcon.colcon_core.package_identification:_identify(src/my_py_pkg) by extension 'colcon_meta'
[1.581s] Level 1:colcon.colcon_core.package_identification:_identify(src/my_py_pkg) by extensions ['ros']
[1.581s] Level 1:colcon.colcon_core.package_identification:_identify(src/my_py_pkg) by extension 'ros'
[1.582s] DEBUG:colcon.colcon_core.package_identification:Package 'src/my_py_pkg' with type 'ros.ament_python' and name 'my_py_pkg'
[1.583s] Level 1:colcon.colcon_core.package_discovery:discover_packages(recursive) using defaults
[1.583s] Level 1:colcon.colcon_core.package_discovery:discover_packages(ignore) discover
[1.583s] Level 1:colcon.colcon_core.package_discovery:discover_packages(ignore) using defaults
[1.583s] Level 1:colcon.colcon_core.package_discovery:discover_packages(path) discover
[1.583s] Level 1:colcon.colcon_core.package_discovery:discover_packages(path) using defaults
[1.983s] Level 1:colcon.colcon_core.package_discovery:discover_packages(prefix_path) check parameters
[1.983s] Level 1:colcon.colcon_core.package_discovery:discover_packages(prefix_path) discover
[2.006s] DEBUG:colcon.colcon_installed_package_information.package_discovery:Found 2 installed packages in /home/wakimkings/ros2_ws/install
[2.009s] DEBUG:colcon.colcon_installed_package_information.package_discovery:Found 285 installed packages in /opt/ros/jazzy
[2.011s] Level 1:colcon.colcon_core.package_discovery:discover_packages(prefix_path) using defaults
[2.212s] Level 5:colcon.colcon_core.verb:set package 'cpp_pkg' build argument 'cmake_args' from command line to 'None'
[2.212s] Level 5:colcon.colcon_core.verb:set package 'cpp_pkg' build argument 'cmake_target' from command line to 'None'
[2.212s] Level 5:colcon.colcon_core.verb:set package 'cpp_pkg' build argument 'cmake_target_skip_unavailable' from command line to 'False'
[2.212s] Level 5:colcon.colcon_core.verb:set package 'cpp_pkg' build argument 'cmake_clean_cache' from command line to 'False'
[2.212s] Level 5:colcon.colcon_core.verb:set package 'cpp_pkg' build argument 'cmake_clean_first' from command line to 'False'
[2.212s] Level 5:colcon.colcon_core.verb:set package 'cpp_pkg' build argument 'cmake_force_configure' from command line to 'False'
[2.213s] Level 5:colcon.colcon_core.verb:set package 'cpp_pkg' build argument 'ament_cmake_args' from command line to 'None'
[2.213s] Level 5:colcon.colcon_core.verb:set package 'cpp_pkg' build argument 'catkin_cmake_args' from command line to 'None'
[2.213s] Level 5:colcon.colcon_core.verb:set package 'cpp_pkg' build argument 'catkin_skip_building_tests' from command line to 'False'
[2.213s] DEBUG:colcon.colcon_core.verb:Building package 'cpp_pkg' with the following arguments: {'ament_cmake_args': None, 'build_base': '/home/wakimkings/ros2_ws/build/cpp_pkg', 'catkin_cmake_args': None, 'catkin_skip_building_tests': False, 'cmake_args': None, 'cmake_clean_cache': False, 'cmake_clean_first': False, 'cmake_force_configure': False, 'cmake_target': None, 'cmake_target_skip_unavailable': False, 'install_base': '/home/wakimkings/ros2_ws/install/cpp_pkg', 'merge_install': False, 'path': '/home/wakimkings/ros2_ws/src/cpp_pkg', 'symlink_install': False, 'test_result_base': None}
[2.214s] Level 5:colcon.colcon_core.verb:set package 'my_py_pkg' build argument 'cmake_args' from command line to 'None'
[2.214s] Level 5:colcon.colcon_core.verb:set package 'my_py_pkg' build argument 'cmake_target' from command line to 'None'
[2.214s] Level 5:colcon.colcon_core.verb:set package 'my_py_pkg' build argument 'cmake_target_skip_unavailable' from command line to 'False'
[2.214s] Level 5:colcon.colcon_core.verb:set package 'my_py_pkg' build argument 'cmake_clean_cache' from command line to 'False'
[2.214s] Level 5:colcon.colcon_core.verb:set package 'my_py_pkg' build argument 'cmake_clean_first' from command line to 'False'
[2.215s] Level 5:colcon.colcon_core.verb:set package 'my_py_pkg' build argument 'cmake_force_configure' from command line to 'False'
[2.215s] Level 5:colcon.colcon_core.verb:set package 'my_py_pkg' build argument 'ament_cmake_args' from command line to 'None'
[2.215s] Level 5:colcon.colcon_core.verb:set package 'my_py_pkg' build argument 'catkin_cmake_args' from command line to 'None'
[2.215s] Level 5:colcon.colcon_core.verb:set package 'my_py_pkg' build argument 'catkin_skip_building_tests' from command line to 'False'
[2.216s] DEBUG:colcon.colcon_core.verb:Building package 'my_py_pkg' with the following arguments: {'ament_cmake_args': None, 'build_base': '/home/wakimkings/ros2_ws/build/my_py_pkg', 'catkin_cmake_args': None, 'catkin_skip_building_tests': False, 'cmake_args': None, 'cmake_clean_cache': False, 'cmake_clean_first': False, 'cmake_force_configure': False, 'cmake_target': None, 'cmake_target_skip_unavailable': False, 'install_base': '/home/wakimkings/ros2_ws/install/my_py_pkg', 'merge_install': False, 'path': '/home/wakimkings/ros2_ws/src/my_py_pkg', 'symlink_install': False, 'test_result_base': None}
[2.216s] INFO:colcon.colcon_core.executor:Executing jobs using 'parallel' executor
[2.220s] DEBUG:colcon.colcon_parallel_executor.executor.parallel:run_until_complete
[2.221s] INFO:colcon.colcon_ros.task.ament_cmake.build:Building ROS package in '/home/wakimkings/ros2_ws/src/cpp_pkg' with build type 'ament_cmake'
[2.221s] INFO:colcon.colcon_cmake.task.cmake.build:Building CMake package in '/home/wakimkings/ros2_ws/src/cpp_pkg'
[2.296s] INFO:colcon.colcon_core.plugin_system:Skipping extension 'colcon_core.shell.bat': Not used on non-Windows systems
[2.297s] INFO:colcon.colcon_core.shell:Skip shell extension 'powershell' for command environment: Not usable outside of PowerShell
[2.297s] DEBUG:colcon.colcon_core.shell:Skip shell extension 'dsv' for command environment
[2.318s] INFO:colcon.colcon_ros.task.ament_python.build:Building ROS package in '/home/wakimkings/ros2_ws/src/my_py_pkg' with build type 'ament_python'
[2.318s] Level 1:colcon.colcon_core.shell:create_environment_hook('my_py_pkg', 'ament_prefix_path')
[2.319s] INFO:colcon.colcon_core.shell:Creating environment hook '/home/wakimkings/ros2_ws/install/my_py_pkg/share/my_py_pkg/hook/ament_prefix_path.ps1'
[2.330s] INFO:colcon.colcon_core.shell:Creating environment descriptor '/home/wakimkings/ros2_ws/install/my_py_pkg/share/my_py_pkg/hook/ament_prefix_path.dsv'
[2.336s] INFO:colcon.colcon_core.shell:Creating environment hook '/home/wakimkings/ros2_ws/install/my_py_pkg/share/my_py_pkg/hook/ament_prefix_path.sh'
[2.356s] INFO:colcon.colcon_core.shell:Skip shell extension 'powershell' for command environment: Not usable outside of PowerShell
[2.356s] DEBUG:colcon.colcon_core.shell:Skip shell extension 'dsv' for command environment
[2.444s] DEBUG:colcon.colcon_core.event_handler.log_command:Invoking command in '/home/wakimkings/ros2_ws/build/cpp_pkg': CMAKE_PREFIX_PATH=${CMAKE_PREFIX_PATH}:/opt/ros/jazzy DEBUGINFOD_URLS=https://debuginfod.ubuntu.com /usr/bin/cmake /home/wakimkings/ros2_ws/src/cpp_pkg -DCMAKE_INSTALL_PREFIX=/home/wakimkings/ros2_ws/install/cpp_pkg
[3.951s] INFO:colcon.colcon_core.task.python.build:Building Python package in '/home/wakimkings/ros2_ws/src/my_py_pkg'
[3.951s] INFO:colcon.colcon_core.shell:Skip shell extension 'powershell' for command environment: Not usable outside of PowerShell
[3.951s] DEBUG:colcon.colcon_core.shell:Skip shell extension 'dsv' for command environment
[19.811s] DEBUG:colcon.colcon_core.event_handler.log_command:Invoking command in '/home/wakimkings/ros2_ws/src/my_py_pkg': DEBUGINFOD_URLS=https://debuginfod.ubuntu.com PYTHONPATH=/home/wakimkings/ros2_ws/build/my_py_pkg/prefix_override:/usr/lib/python3/dist-packages/colcon_core/task/python/colcon_distutils_commands:/home/wakimkings/ros2_ws/install/my_py_pkg/lib/python3.12/site-packages:${PYTHONPATH} /usr/bin/python3 -W ignore:setup.py install is deprecated setup.py egg_info --egg-base ../../build/my_py_pkg build --build-base /home/wakimkings/ros2_ws/build/my_py_pkg/build install --record /home/wakimkings/ros2_ws/build/my_py_pkg/install.log --single-version-externally-managed install_data
[22.402s] DEBUG:colcon.colcon_core.event_handler.log_command:Invoked command in '/home/wakimkings/ros2_ws/build/cpp_pkg' returned '0': CMAKE_PREFIX_PATH=${CMAKE_PREFIX_PATH}:/opt/ros/jazzy DEBUGINFOD_URLS=https://debuginfod.ubuntu.com /usr/bin/cmake /home/wakimkings/ros2_ws/src/cpp_pkg -DCMAKE_INSTALL_PREFIX=/home/wakimkings/ros2_ws/install/cpp_pkg
[22.409s] DEBUG:colcon.colcon_core.event_handler.log_command:Invoking command in '/home/wakimkings/ros2_ws/build/cpp_pkg': CMAKE_PREFIX_PATH=${CMAKE_PREFIX_PATH}:/opt/ros/jazzy DEBUGINFOD_URLS=https://debuginfod.ubuntu.com /usr/bin/cmake --build /home/wakimkings/ros2_ws/build/cpp_pkg -- -j4 -l4
[23.283s] DEBUG:colcon.colcon_core.event_handler.log_command:Invoked command in '/home/wakimkings/ros2_ws/build/cpp_pkg' returned '0': CMAKE_PREFIX_PATH=${CMAKE_PREFIX_PATH}:/opt/ros/jazzy DEBUGINFOD_URLS=https://debuginfod.ubuntu.com /usr/bin/cmake --build /home/wakimkings/ros2_ws/build/cpp_pkg -- -j4 -l4
[23.907s] DEBUG:colcon.colcon_core.event_handler.log_command:Invoking command in '/home/wakimkings/ros2_ws/build/cpp_pkg': CMAKE_PREFIX_PATH=${CMAKE_PREFIX_PATH}:/opt/ros/jazzy DEBUGINFOD_URLS=https://debuginfod.ubuntu.com /usr/bin/cmake --install /home/wakimkings/ros2_ws/build/cpp_pkg
[24.044s] Level 1:colcon.colcon_core.environment:create_environment_scripts_only(cpp_pkg)
[24.054s] DEBUG:colcon.colcon_core.event_handler.log_command:Invoked command in '/home/wakimkings/ros2_ws/build/cpp_pkg' returned '0': CMAKE_PREFIX_PATH=${CMAKE_PREFIX_PATH}:/opt/ros/jazzy DEBUGINFOD_URLS=https://debuginfod.ubuntu.com /usr/bin/cmake --install /home/wakimkings/ros2_ws/build/cpp_pkg
[24.299s] Level 1:colcon.colcon_core.environment:checking '/home/wakimkings/ros2_ws/install/cpp_pkg' for CMake module files
[24.301s] Level 1:colcon.colcon_core.environment:checking '/home/wakimkings/ros2_ws/install/cpp_pkg' for CMake config files
[24.302s] Level 1:colcon.colcon_core.shell:create_environment_hook('cpp_pkg', 'cmake_prefix_path')
[24.302s] INFO:colcon.colcon_core.shell:Creating environment hook '/home/wakimkings/ros2_ws/install/cpp_pkg/share/cpp_pkg/hook/cmake_prefix_path.ps1'
[24.303s] INFO:colcon.colcon_core.shell:Creating environment descriptor '/home/wakimkings/ros2_ws/install/cpp_pkg/share/cpp_pkg/hook/cmake_prefix_path.dsv'
[24.304s] INFO:colcon.colcon_core.shell:Creating environment hook '/home/wakimkings/ros2_ws/install/cpp_pkg/share/cpp_pkg/hook/cmake_prefix_path.sh'
[24.305s] Level 1:colcon.colcon_core.environment:checking '/home/wakimkings/ros2_ws/install/cpp_pkg/bin'
[24.306s] Level 1:colcon.colcon_core.environment:checking '/home/wakimkings/ros2_ws/install/cpp_pkg/lib/pkgconfig/cpp_pkg.pc'
[24.306s] Level 1:colcon.colcon_core.environment:checking '/home/wakimkings/ros2_ws/install/cpp_pkg/lib/python3.12/site-packages'
[24.306s] Level 1:colcon.colcon_core.environment:checking '/home/wakimkings/ros2_ws/install/cpp_pkg/bin'
[24.307s] INFO:colcon.colcon_core.shell:Creating package script '/home/wakimkings/ros2_ws/install/cpp_pkg/share/cpp_pkg/package.ps1'
[24.333s] INFO:colcon.colcon_core.shell:Creating package descriptor '/home/wakimkings/ros2_ws/install/cpp_pkg/share/cpp_pkg/package.dsv'
[24.342s] INFO:colcon.colcon_core.shell:Creating package script '/home/wakimkings/ros2_ws/install/cpp_pkg/share/cpp_pkg/package.sh'
[24.393s] INFO:colcon.colcon_core.shell:Creating package script '/home/wakimkings/ros2_ws/install/cpp_pkg/share/cpp_pkg/package.bash'
[24.399s] INFO:colcon.colcon_core.shell:Creating package script '/home/wakimkings/ros2_ws/install/cpp_pkg/share/cpp_pkg/package.zsh'
[24.404s] Level 1:colcon.colcon_core.environment:create_file_with_runtime_dependencies(/home/wakimkings/ros2_ws/install/cpp_pkg/share/colcon-core/packages/cpp_pkg)
[24.732s] Level 1:colcon.colcon_core.environment:create_environment_scripts_only(cpp_pkg)
[24.732s] Level 1:colcon.colcon_core.environment:checking '/home/wakimkings/ros2_ws/install/cpp_pkg' for CMake module files
[24.733s] Level 1:colcon.colcon_core.environment:checking '/home/wakimkings/ros2_ws/install/cpp_pkg' for CMake config files
[24.734s] Level 1:colcon.colcon_core.shell:create_environment_hook('cpp_pkg', 'cmake_prefix_path')
[24.743s] INFO:colcon.colcon_core.shell:Creating environment hook '/home/wakimkings/ros2_ws/install/cpp_pkg/share/cpp_pkg/hook/cmake_prefix_path.ps1'
[24.748s] INFO:colcon.colcon_core.shell:Creating environment descriptor '/home/wakimkings/ros2_ws/install/cpp_pkg/share/cpp_pkg/hook/cmake_prefix_path.dsv'
[24.769s] INFO:colcon.colcon_core.shell:Creating environment hook '/home/wakimkings/ros2_ws/install/cpp_pkg/share/cpp_pkg/hook/cmake_prefix_path.sh'
[24.782s] Level 1:colcon.colcon_core.environment:checking '/home/wakimkings/ros2_ws/install/cpp_pkg/bin'
[24.783s] Level 1:colcon.colcon_core.environment:checking '/home/wakimkings/ros2_ws/install/cpp_pkg/lib/pkgconfig/cpp_pkg.pc'
[24.785s] Level 1:colcon.colcon_core.environment:checking '/home/wakimkings/ros2_ws/install/cpp_pkg/lib/python3.12/site-packages'
[24.787s] Level 1:colcon.colcon_core.environment:checking '/home/wakimkings/ros2_ws/install/cpp_pkg/bin'
[24.814s] INFO:colcon.colcon_core.shell:Creating package script '/home/wakimkings/ros2_ws/install/cpp_pkg/share/cpp_pkg/package.ps1'
[24.816s] INFO:colcon.colcon_core.shell:Creating package descriptor '/home/wakimkings/ros2_ws/install/cpp_pkg/share/cpp_pkg/package.dsv'
[24.817s] INFO:colcon.colcon_core.shell:Creating package script '/home/wakimkings/ros2_ws/install/cpp_pkg/share/cpp_pkg/package.sh'
[24.819s] INFO:colcon.colcon_core.shell:Creating package script '/home/wakimkings/ros2_ws/install/cpp_pkg/share/cpp_pkg/package.bash'
[24.821s] INFO:colcon.colcon_core.shell:Creating package script '/home/wakimkings/ros2_ws/install/cpp_pkg/share/cpp_pkg/package.zsh'
[24.838s] Level 1:colcon.colcon_core.environment:create_file_with_runtime_dependencies(/home/wakimkings/ros2_ws/install/cpp_pkg/share/colcon-core/packages/cpp_pkg)
[26.901s] Level 1:colcon.colcon_core.environment:checking '/home/wakimkings/ros2_ws/install/my_py_pkg' for CMake module files
[26.904s] DEBUG:colcon.colcon_core.event_handler.log_command:Invoked command in '/home/wakimkings/ros2_ws/src/my_py_pkg' returned '0': DEBUGINFOD_URLS=https://debuginfod.ubuntu.com PYTHONPATH=/home/wakimkings/ros2_ws/build/my_py_pkg/prefix_override:/usr/lib/python3/dist-packages/colcon_core/task/python/colcon_distutils_commands:/home/wakimkings/ros2_ws/install/my_py_pkg/lib/python3.12/site-packages:${PYTHONPATH} /usr/bin/python3 -W ignore:setup.py install is deprecated setup.py egg_info --egg-base ../../build/my_py_pkg build --build-base /home/wakimkings/ros2_ws/build/my_py_pkg/build install --record /home/wakimkings/ros2_ws/build/my_py_pkg/install.log --single-version-externally-managed install_data
[26.908s] Level 1:colcon.colcon_core.environment:checking '/home/wakimkings/ros2_ws/install/my_py_pkg' for CMake config files
[26.912s] Level 1:colcon.colcon_core.environment:checking '/home/wakimkings/ros2_ws/install/my_py_pkg/lib'
[26.912s] Level 1:colcon.colcon_core.environment:checking '/home/wakimkings/ros2_ws/install/my_py_pkg/bin'
[26.912s] Level 1:colcon.colcon_core.environment:checking '/home/wakimkings/ros2_ws/install/my_py_pkg/lib/pkgconfig/my_py_pkg.pc'
[26.913s] Level 1:colcon.colcon_core.environment:checking '/home/wakimkings/ros2_ws/install/my_py_pkg/lib/python3.12/site-packages'
[26.922s] Level 1:colcon.colcon_core.shell:create_environment_hook('my_py_pkg', 'pythonpath')
[26.927s] INFO:colcon.colcon_core.shell:Creating environment hook '/home/wakimkings/ros2_ws/install/my_py_pkg/share/my_py_pkg/hook/pythonpath.ps1'
[26.971s] INFO:colcon.colcon_core.shell:Creating environment descriptor '/home/wakimkings/ros2_ws/install/my_py_pkg/share/my_py_pkg/hook/pythonpath.dsv'
[26.973s] INFO:colcon.colcon_core.shell:Creating environment hook '/home/wakimkings/ros2_ws/install/my_py_pkg/share/my_py_pkg/hook/pythonpath.sh'
[26.980s] Level 1:colcon.colcon_core.environment:checking '/home/wakimkings/ros2_ws/install/my_py_pkg/bin'
[26.980s] Level 1:colcon.colcon_core.environment:create_environment_scripts_only(my_py_pkg)
[26.981s] INFO:colcon.colcon_core.shell:Creating package script '/home/wakimkings/ros2_ws/install/my_py_pkg/share/my_py_pkg/package.ps1'
[26.987s] INFO:colcon.colcon_core.shell:Creating package descriptor '/home/wakimkings/ros2_ws/install/my_py_pkg/share/my_py_pkg/package.dsv'
[26.988s] INFO:colcon.colcon_core.shell:Creating package script '/home/wakimkings/ros2_ws/install/my_py_pkg/share/my_py_pkg/package.sh'
[26.990s] INFO:colcon.colcon_core.shell:Creating package script '/home/wakimkings/ros2_ws/install/my_py_pkg/share/my_py_pkg/package.bash'
[26.996s] INFO:colcon.colcon_core.shell:Creating package script '/home/wakimkings/ros2_ws/install/my_py_pkg/share/my_py_pkg/package.zsh'
[26.997s] Level 1:colcon.colcon_core.environment:create_file_with_runtime_dependencies(/home/wakimkings/ros2_ws/install/my_py_pkg/share/colcon-core/packages/my_py_pkg)
[26.999s] DEBUG:colcon.colcon_parallel_executor.executor.parallel:closing loop
[27.005s] DEBUG:colcon.colcon_parallel_executor.executor.parallel:loop closed
[27.006s] DEBUG:colcon.colcon_parallel_executor.executor.parallel:run_until_complete finished with '0'
[27.007s] DEBUG:colcon.colcon_core.event_reactor:joining thread
[27.199s] INFO:colcon.colcon_core.plugin_system:Skipping extension 'colcon_notification.desktop_notification.terminal_notifier': Not used on non-Darwin systems
[27.200s] INFO:colcon.colcon_core.plugin_system:Skipping extension 'colcon_notification.desktop_notification.win32': Not used on non-Windows systems
[27.201s] INFO:colcon.colcon_notification.desktop_notification:Sending desktop notification using 'notify2'
[28.177s] DEBUG:colcon.colcon_core.event_reactor:joined thread
[28.180s] INFO:colcon.colcon_core.shell:Creating prefix script '/home/wakimkings/ros2_ws/install/local_setup.ps1'
[28.198s] INFO:colcon.colcon_core.shell:Creating prefix util module '/home/wakimkings/ros2_ws/install/_local_setup_util_ps1.py'
[28.207s] INFO:colcon.colcon_core.shell:Creating prefix chain script '/home/wakimkings/ros2_ws/install/setup.ps1'
[28.211s] INFO:colcon.colcon_core.shell:Creating prefix script '/home/wakimkings/ros2_ws/install/local_setup.sh'
[28.217s] INFO:colcon.colcon_core.shell:Creating prefix util module '/home/wakimkings/ros2_ws/install/_local_setup_util_sh.py'
[28.223s] INFO:colcon.colcon_core.shell:Creating prefix chain script '/home/wakimkings/ros2_ws/install/setup.sh'
[28.230s] INFO:colcon.colcon_core.shell:Creating prefix script '/home/wakimkings/ros2_ws/install/local_setup.bash'
[28.278s] INFO:colcon.colcon_core.shell:Creating prefix chain script '/home/wakimkings/ros2_ws/install/setup.bash'
[28.324s] INFO:colcon.colcon_core.shell:Creating prefix script '/home/wakimkings/ros2_ws/install/local_setup.zsh'
[28.359s] INFO:colcon.colcon_core.shell:Creating prefix chain script '/home/wakimkings/ros2_ws/install/setup.zsh'
