[1.289s] DEBUG:colcon:Command line arguments: ['/usr/bin/colcon', 'build']
[1.291s] DEBUG:colcon:Parsed command line arguments: Namespace(log_base=None, log_level=None, verb_name='build', build_base='build', install_base='install', merge_install=False, symlink_install=False, test_result_base=None, continue_on_error=False, executor='parallel', parallel_workers=4, event_handlers=None, ignore_user_meta=False, metas=['./colcon.meta'], base_paths=['.'], packages_ignore=None, packages_ignore_regex=None, paths=None, packages_up_to=None, packages_up_to_regex=None, packages_above=None, packages_above_and_dependencies=None, packages_above_depth=None, packages_select_by_dep=None, packages_skip_by_dep=None, packages_skip_up_to=None, packages_select_build_failed=False, packages_skip_build_finished=False, packages_select_test_failures=False, packages_skip_test_passed=False, packages_select=None, packages_skip=None, packages_select_regex=None, packages_skip_regex=None, packages_start=None, packages_end=None, allow_overriding=[], cmake_args=None, cmake_target=None, cmake_target_skip_unavailable=False, cmake_clean_cache=False, cmake_clean_first=False, cmake_force_configure=False, ament_cmake_args=None, catkin_cmake_args=None, catkin_skip_building_tests=False, mixin_files=None, mixin=None, verb_parser=<colcon_mixin.mixin.mixin_argument.MixinArgumentDecorator object at 0x7f67de382510>, verb_extension=<colcon_core.verb.build.BuildVerb object at 0x7f67de4a8950>, main=<bound method BuildVerb.main of <colcon_core.verb.build.BuildVerb object at 0x7f67de4a8950>>, mixin_verb=('build',))
[1.723s] Level 1:colcon.colcon_core.package_discovery:discover_packages(colcon_meta) check parameters
[1.723s] Level 1:colcon.colcon_core.package_discovery:discover_packages(recursive) check parameters
[1.724s] Level 1:colcon.colcon_core.package_discovery:discover_packages(ignore) check parameters
[1.724s] Level 1:colcon.colcon_core.package_discovery:discover_packages(path) check parameters
[1.724s] Level 1:colcon.colcon_core.package_discovery:discover_packages(colcon_meta) discover
[1.724s] Level 1:colcon.colcon_core.package_discovery:discover_packages(recursive) discover
[1.724s] INFO:colcon.colcon_core.package_discovery:Crawling recursively for packages in '/home/wakimkings/ros2_ws/src/my_py_pkg'
[1.724s] Level 1:colcon.colcon_core.package_identification:_identify(.) by extensions ['ignore', 'ignore_ament_install']
[1.724s] Level 1:colcon.colcon_core.package_identification:_identify(.) by extension 'ignore'
[1.725s] Level 1:colcon.colcon_core.package_identification:_identify(.) by extension 'ignore_ament_install'
[1.744s] Level 1:colcon.colcon_core.package_identification:_identify(.) by extensions ['colcon_pkg']
[1.744s] Level 1:colcon.colcon_core.package_identification:_identify(.) by extension 'colcon_pkg'
[1.744s] Level 1:colcon.colcon_core.package_identification:_identify(.) by extensions ['colcon_meta']
[1.744s] Level 1:colcon.colcon_core.package_identification:_identify(.) by extension 'colcon_meta'
[1.744s] Level 1:colcon.colcon_core.package_identification:_identify(.) by extensions ['ros']
[1.744s] Level 1:colcon.colcon_core.package_identification:_identify(.) by extension 'ros'
[1.878s] DEBUG:colcon.colcon_core.package_identification:Package '.' with type 'ros.ament_python' and name 'my_py_pkg'
[1.878s] Level 1:colcon.colcon_core.package_discovery:discover_packages(recursive) using defaults
[1.879s] Level 1:colcon.colcon_core.package_discovery:discover_packages(ignore) discover
[1.879s] Level 1:colcon.colcon_core.package_discovery:discover_packages(ignore) using defaults
[1.879s] Level 1:colcon.colcon_core.package_discovery:discover_packages(path) discover
[1.879s] Level 1:colcon.colcon_core.package_discovery:discover_packages(path) using defaults
[1.991s] Level 1:colcon.colcon_core.package_discovery:discover_packages(prefix_path) check parameters
[1.991s] Level 1:colcon.colcon_core.package_discovery:discover_packages(prefix_path) discover
[2.007s] DEBUG:colcon.colcon_installed_package_information.package_discovery:Found 2 installed packages in /home/wakimkings/ros2_ws/install
[2.023s] DEBUG:colcon.colcon_installed_package_information.package_discovery:Found 285 installed packages in /opt/ros/jazzy
[2.025s] Level 1:colcon.colcon_core.package_discovery:discover_packages(prefix_path) using defaults
[2.109s] Level 5:colcon.colcon_core.verb:set package 'my_py_pkg' build argument 'cmake_args' from command line to 'None'
[2.110s] Level 5:colcon.colcon_core.verb:set package 'my_py_pkg' build argument 'cmake_target' from command line to 'None'
[2.110s] Level 5:colcon.colcon_core.verb:set package 'my_py_pkg' build argument 'cmake_target_skip_unavailable' from command line to 'False'
[2.110s] Level 5:colcon.colcon_core.verb:set package 'my_py_pkg' build argument 'cmake_clean_cache' from command line to 'False'
[2.110s] Level 5:colcon.colcon_core.verb:set package 'my_py_pkg' build argument 'cmake_clean_first' from command line to 'False'
[2.110s] Level 5:colcon.colcon_core.verb:set package 'my_py_pkg' build argument 'cmake_force_configure' from command line to 'False'
[2.110s] Level 5:colcon.colcon_core.verb:set package 'my_py_pkg' build argument 'ament_cmake_args' from command line to 'None'
[2.110s] Level 5:colcon.colcon_core.verb:set package 'my_py_pkg' build argument 'catkin_cmake_args' from command line to 'None'
[2.110s] Level 5:colcon.colcon_core.verb:set package 'my_py_pkg' build argument 'catkin_skip_building_tests' from command line to 'False'
[2.111s] DEBUG:colcon.colcon_core.verb:Building package 'my_py_pkg' with the following arguments: {'ament_cmake_args': None, 'build_base': '/home/wakimkings/ros2_ws/src/my_py_pkg/build/my_py_pkg', 'catkin_cmake_args': None, 'catkin_skip_building_tests': False, 'cmake_args': None, 'cmake_clean_cache': False, 'cmake_clean_first': False, 'cmake_force_configure': False, 'cmake_target': None, 'cmake_target_skip_unavailable': False, 'install_base': '/home/wakimkings/ros2_ws/src/my_py_pkg/install/my_py_pkg', 'merge_install': False, 'path': '/home/wakimkings/ros2_ws/src/my_py_pkg', 'symlink_install': False, 'test_result_base': None}
[2.111s] INFO:colcon.colcon_core.executor:Executing jobs using 'parallel' executor
[2.118s] DEBUG:colcon.colcon_parallel_executor.executor.parallel:run_until_complete
[2.119s] INFO:colcon.colcon_ros.task.ament_python.build:Building ROS package in '/home/wakimkings/ros2_ws/src/my_py_pkg' with build type 'ament_python'
[2.120s] Level 1:colcon.colcon_core.shell:create_environment_hook('my_py_pkg', 'ament_prefix_path')
[2.246s] INFO:colcon.colcon_core.plugin_system:Skipping extension 'colcon_core.shell.bat': Not used on non-Windows systems
[2.247s] INFO:colcon.colcon_core.shell:Creating environment hook '/home/wakimkings/ros2_ws/src/my_py_pkg/install/my_py_pkg/share/my_py_pkg/hook/ament_prefix_path.ps1'
[2.253s] INFO:colcon.colcon_core.shell:Creating environment descriptor '/home/wakimkings/ros2_ws/src/my_py_pkg/install/my_py_pkg/share/my_py_pkg/hook/ament_prefix_path.dsv'
[2.257s] INFO:colcon.colcon_core.shell:Creating environment hook '/home/wakimkings/ros2_ws/src/my_py_pkg/install/my_py_pkg/share/my_py_pkg/hook/ament_prefix_path.sh'
[2.262s] INFO:colcon.colcon_core.shell:Skip shell extension 'powershell' for command environment: Not usable outside of PowerShell
[2.262s] DEBUG:colcon.colcon_core.shell:Skip shell extension 'dsv' for command environment
[3.959s] INFO:colcon.colcon_core.task.python.build:Building Python package in '/home/wakimkings/ros2_ws/src/my_py_pkg'
[3.968s] INFO:colcon.colcon_core.shell:Skip shell extension 'powershell' for command environment: Not usable outside of PowerShell
[3.969s] DEBUG:colcon.colcon_core.shell:Skip shell extension 'dsv' for command environment
[9.615s] DEBUG:colcon.colcon_core.event_handler.log_command:Invoking command in '/home/wakimkings/ros2_ws/src/my_py_pkg': DEBUGINFOD_URLS=https://debuginfod.ubuntu.com PYTHONPATH=/home/wakimkings/ros2_ws/src/my_py_pkg/build/my_py_pkg/prefix_override:/usr/lib/python3/dist-packages/colcon_core/task/python/colcon_distutils_commands:/home/wakimkings/ros2_ws/src/my_py_pkg/install/my_py_pkg/lib/python3.12/site-packages:${PYTHONPATH} /usr/bin/python3 -W ignore:setup.py install is deprecated setup.py egg_info --egg-base build/my_py_pkg build --build-base /home/wakimkings/ros2_ws/src/my_py_pkg/build/my_py_pkg/build install --record /home/wakimkings/ros2_ws/src/my_py_pkg/build/my_py_pkg/install.log --single-version-externally-managed install_data
[12.598s] DEBUG:colcon.colcon_core.event_handler.log_command:Invoked command in '/home/wakimkings/ros2_ws/src/my_py_pkg' returned '0': DEBUGINFOD_URLS=https://debuginfod.ubuntu.com PYTHONPATH=/home/wakimkings/ros2_ws/src/my_py_pkg/build/my_py_pkg/prefix_override:/usr/lib/python3/dist-packages/colcon_core/task/python/colcon_distutils_commands:/home/wakimkings/ros2_ws/src/my_py_pkg/install/my_py_pkg/lib/python3.12/site-packages:${PYTHONPATH} /usr/bin/python3 -W ignore:setup.py install is deprecated setup.py egg_info --egg-base build/my_py_pkg build --build-base /home/wakimkings/ros2_ws/src/my_py_pkg/build/my_py_pkg/build install --record /home/wakimkings/ros2_ws/src/my_py_pkg/build/my_py_pkg/install.log --single-version-externally-managed install_data
[12.656s] Level 1:colcon.colcon_core.environment:checking '/home/wakimkings/ros2_ws/src/my_py_pkg/install/my_py_pkg' for CMake module files
[12.658s] Level 1:colcon.colcon_core.environment:checking '/home/wakimkings/ros2_ws/src/my_py_pkg/install/my_py_pkg' for CMake config files
[12.659s] Level 1:colcon.colcon_core.environment:checking '/home/wakimkings/ros2_ws/src/my_py_pkg/install/my_py_pkg/lib'
[12.660s] Level 1:colcon.colcon_core.environment:checking '/home/wakimkings/ros2_ws/src/my_py_pkg/install/my_py_pkg/bin'
[12.660s] Level 1:colcon.colcon_core.environment:checking '/home/wakimkings/ros2_ws/src/my_py_pkg/install/my_py_pkg/lib/pkgconfig/my_py_pkg.pc'
[12.662s] Level 1:colcon.colcon_core.environment:checking '/home/wakimkings/ros2_ws/src/my_py_pkg/install/my_py_pkg/lib/python3.12/site-packages'
[12.662s] Level 1:colcon.colcon_core.shell:create_environment_hook('my_py_pkg', 'pythonpath')
[12.663s] INFO:colcon.colcon_core.shell:Creating environment hook '/home/wakimkings/ros2_ws/src/my_py_pkg/install/my_py_pkg/share/my_py_pkg/hook/pythonpath.ps1'
[12.664s] INFO:colcon.colcon_core.shell:Creating environment descriptor '/home/wakimkings/ros2_ws/src/my_py_pkg/install/my_py_pkg/share/my_py_pkg/hook/pythonpath.dsv'
[12.664s] INFO:colcon.colcon_core.shell:Creating environment hook '/home/wakimkings/ros2_ws/src/my_py_pkg/install/my_py_pkg/share/my_py_pkg/hook/pythonpath.sh'
[12.665s] Level 1:colcon.colcon_core.environment:checking '/home/wakimkings/ros2_ws/src/my_py_pkg/install/my_py_pkg/bin'
[12.665s] Level 1:colcon.colcon_core.environment:create_environment_scripts_only(my_py_pkg)
[12.666s] INFO:colcon.colcon_core.shell:Creating package script '/home/wakimkings/ros2_ws/src/my_py_pkg/install/my_py_pkg/share/my_py_pkg/package.ps1'
[12.668s] INFO:colcon.colcon_core.shell:Creating package descriptor '/home/wakimkings/ros2_ws/src/my_py_pkg/install/my_py_pkg/share/my_py_pkg/package.dsv'
[12.671s] INFO:colcon.colcon_core.shell:Creating package script '/home/wakimkings/ros2_ws/src/my_py_pkg/install/my_py_pkg/share/my_py_pkg/package.sh'
[12.679s] INFO:colcon.colcon_core.shell:Creating package script '/home/wakimkings/ros2_ws/src/my_py_pkg/install/my_py_pkg/share/my_py_pkg/package.bash'
[12.696s] INFO:colcon.colcon_core.shell:Creating package script '/home/wakimkings/ros2_ws/src/my_py_pkg/install/my_py_pkg/share/my_py_pkg/package.zsh'
[12.733s] Level 1:colcon.colcon_core.environment:create_file_with_runtime_dependencies(/home/wakimkings/ros2_ws/src/my_py_pkg/install/my_py_pkg/share/colcon-core/packages/my_py_pkg)
[12.734s] DEBUG:colcon.colcon_parallel_executor.executor.parallel:closing loop
[12.735s] DEBUG:colcon.colcon_parallel_executor.executor.parallel:loop closed
[12.740s] DEBUG:colcon.colcon_parallel_executor.executor.parallel:run_until_complete finished with '0'
[12.743s] DEBUG:colcon.colcon_core.event_reactor:joining thread
[12.790s] INFO:colcon.colcon_core.plugin_system:Skipping extension 'colcon_notification.desktop_notification.terminal_notifier': Not used on non-Darwin systems
[12.790s] INFO:colcon.colcon_core.plugin_system:Skipping extension 'colcon_notification.desktop_notification.win32': Not used on non-Windows systems
[12.791s] INFO:colcon.colcon_notification.desktop_notification:Sending desktop notification using 'notify2'
[12.858s] DEBUG:colcon.colcon_core.event_reactor:joined thread
[12.859s] INFO:colcon.colcon_core.shell:Creating prefix script '/home/wakimkings/ros2_ws/src/my_py_pkg/install/local_setup.ps1'
[12.863s] INFO:colcon.colcon_core.shell:Creating prefix util module '/home/wakimkings/ros2_ws/src/my_py_pkg/install/_local_setup_util_ps1.py'
[12.868s] INFO:colcon.colcon_core.shell:Creating prefix chain script '/home/wakimkings/ros2_ws/src/my_py_pkg/install/setup.ps1'
[12.875s] INFO:colcon.colcon_core.shell:Creating prefix script '/home/wakimkings/ros2_ws/src/my_py_pkg/install/local_setup.sh'
[12.881s] INFO:colcon.colcon_core.shell:Creating prefix util module '/home/wakimkings/ros2_ws/src/my_py_pkg/install/_local_setup_util_sh.py'
[12.884s] INFO:colcon.colcon_core.shell:Creating prefix chain script '/home/wakimkings/ros2_ws/src/my_py_pkg/install/setup.sh'
[12.892s] INFO:colcon.colcon_core.shell:Creating prefix script '/home/wakimkings/ros2_ws/src/my_py_pkg/install/local_setup.bash'
[12.896s] INFO:colcon.colcon_core.shell:Creating prefix chain script '/home/wakimkings/ros2_ws/src/my_py_pkg/install/setup.bash'
[12.902s] INFO:colcon.colcon_core.shell:Creating prefix script '/home/wakimkings/ros2_ws/src/my_py_pkg/install/local_setup.zsh'
[12.905s] INFO:colcon.colcon_core.shell:Creating prefix chain script '/home/wakimkings/ros2_ws/src/my_py_pkg/install/setup.zsh'
