[0.265s] Invoking command in '/home/wakimkings/ros2_ws/build/examples_rclcpp_minimal_action_client': DEBUGINFOD_URLS=https://debuginfod.ubuntu.com /usr/bin/cmake /home/wakimkings/ros2_ws/src/examples/rclcpp/actions/minimal_action_client -DCMAKE_INSTALL_PREFIX=/home/wakimkings/ros2_ws/install/examples_rclcpp_minimal_action_client
[2.727s] -- The C compiler identification is GNU 13.2.0
[6.734s] -- The CXX compiler identification is GNU 13.2.0
[7.050s] -- Detecting C compiler ABI info
[9.015s] -- Detecting C compiler ABI info - done
[9.095s] -- Check for working C compiler: /usr/bin/cc - skipped
[9.102s] -- Detecting C compile features
[9.107s] -- Detecting C compile features - done
[9.261s] -- Detecting CXX compiler ABI info
[10.503s] -- Detecting CXX compiler ABI info - done
[10.663s] -- Check for working CXX compiler: /usr/bin/c++ - skipped
[10.667s] -- Detecting CXX compile features
[10.667s] -- Detecting CXX compile features - done
[10.762s] -- Configuring incomplete, errors occurred!
[10.763s] [31mCMake Error at CMakeLists.txt:14 (find_package):
[10.763s]   By not providing "Findament_cmake.cmake" in CMAKE_MODULE_PATH this project
[10.763s]   has asked CMake to find a package configuration file provided by
[10.763s]   "ament_cmake", but CMake did not find one.
[10.764s] 
[10.764s]   Could not find a package configuration file provided by "ament_cmake" with
[10.764s]   any of the following names:
[10.764s] 
[10.764s]     ament_cmakeConfig.cmake
[10.764s]     ament_cmake-config.cmake
[10.765s] 
[10.768s]   Add the installation prefix of "ament_cmake" to CMAKE_PREFIX_PATH or set
[10.769s]   "ament_cmake_DIR" to a directory containing one of the above files.  If
[10.769s]   "ament_cmake" provides a separate development package or SDK, be sure it
[10.770s]   has been installed.
[10.771s] 
[10.772s] [0m
