[0.106s] Invoking command in '/home/wakimkings/ros2_ws/build/examples_rclcpp_cbg_executor': DEBUGINFOD_URLS=https://debuginfod.ubuntu.com /usr/bin/cmake /home/wakimkings/ros2_ws/src/examples/rclcpp/executors/cbg_executor -DAMENT_CMAKE_SYMLINK_INSTALL=1 -DCMAKE_INSTALL_PREFIX=/home/wakimkings/ros2_ws/install/examples_rclcpp_cbg_executor
[0.249s] -- Configuring incomplete, errors occurred!
[0.252s] [31mCMake Error at CMakeLists.txt:14 (find_package):
[0.254s]   By not providing "Findament_cmake.cmake" in CMAKE_MODULE_PATH this project
[0.254s]   has asked CMake to find a package configuration file provided by
[0.254s]   "ament_cmake", but CMake did not find one.
[0.255s] 
[0.255s]   Could not find a package configuration file provided by "ament_cmake" with
[0.255s]   any of the following names:
[0.256s] 
[0.256s]     ament_cmakeConfig.cmake
[0.257s]     ament_cmake-config.cmake
[0.257s] 
[0.258s]   Add the installation prefix of "ament_cmake" to CMAKE_PREFIX_PATH or set
[0.258s]   "ament_cmake_DIR" to a directory containing one of the above files.  If
[0.259s]   "ament_cmake" provides a separate development package or SDK, be sure it
[0.259s]   has been installed.
[0.260s] 
[0.260s] [0m
[0.361s] Invoked command in '/home/wakimkings/ros2_ws/build/examples_rclcpp_cbg_executor' returned '1': DEBUGINFOD_URLS=https://debuginfod.ubuntu.com /usr/bin/cmake /home/wakimkings/ros2_ws/src/examples/rclcpp/executors/cbg_executor -DAMENT_CMAKE_SYMLINK_INSTALL=1 -DCMAKE_INSTALL_PREFIX=/home/wakimkings/ros2_ws/install/examples_rclcpp_cbg_executor
