[0.138s] Invoking command in '/home/wakimkings/ros2_ws/build/examples_rclcpp_minimal_action_server': DEBUGINFOD_URLS=https://debuginfod.ubuntu.com /usr/bin/cmake /home/wakimkings/ros2_ws/src/examples/rclcpp/actions/minimal_action_server -DAMENT_CMAKE_SYMLINK_INSTALL=1 -DCMAKE_INSTALL_PREFIX=/home/wakimkings/ros2_ws/install/examples_rclcpp_minimal_action_server
[0.273s] [31mCMake Error at CMakeLists.txt:14 (find_package):
[0.275s]   By not providing "Findament_cmake.cmake" in CMAKE_MODULE_PATH this project
[0.275s]   has asked CMake to find a package configuration file provided by
[0.278s]   "ament_cmake", but CMake did not find one.
[0.278s] 
[0.278s]   Could not find a package configuration file provided by "ament_cmake" with
[0.278s]   any of the following names:
[0.278s] 
[0.279s]     ament_cmakeConfig.cmake
[0.279s]     ament_cmake-config.cmake
[0.279s] 
[0.279s]   Add the installation prefix of "ament_cmake" to CMAKE_PREFIX_PATH or set
[0.279s]   "ament_cmake_DIR" to a directory containing one of the above files.  If
[0.279s]   "ament_cmake" provides a separate development package or SDK, be sure it
[0.279s]   has been installed.
[0.279s] 
[0.280s] [0m
[0.309s] -- Configuring incomplete, errors occurred!
[0.371s] Invoked command in '/home/wakimkings/ros2_ws/build/examples_rclcpp_minimal_action_server' returned '1': DEBUGINFOD_URLS=https://debuginfod.ubuntu.com /usr/bin/cmake /home/wakimkings/ros2_ws/src/examples/rclcpp/actions/minimal_action_server -DAMENT_CMAKE_SYMLINK_INSTALL=1 -DCMAKE_INSTALL_PREFIX=/home/wakimkings/ros2_ws/install/examples_rclcpp_minimal_action_server
